C:\Program Files (x86)\Microsoft Visual Studio\2019\Community\MSBuild\Microsoft\VC\v160\Microsoft.CppBuild.targets(491,5): warning MSB8028: Katalog pośredni (x64\Debug\) zawiera pliki udostępnione z innego projektu (szescian.vcxproj). Może to spowodować niepoprawne zachowanie podczas oczyszczania i ponownej kompilacji.
  Gl_template.c
E:\szescian — kopia\Gl_template.c(352,30): warning C4018: "<": niezgodność typu ze znakiem/bez znaku
E:\szescian — kopia\Gl_template.c(385,1): warning C4244: "inicjowanie": konwersja z "double" do "GLfloat", możliwa utrata danych
E:\szescian — kopia\Gl_template.c(388,1): warning C4244: "inicjowanie": konwersja z "double" do "GLfloat", możliwa utrata danych
E:\szescian — kopia\Gl_template.c(389,1): warning C4244: "inicjowanie": konwersja z "double" do "GLfloat", możliwa utrata danych
E:\szescian — kopia\Gl_template.c(391,1): warning C4244: "inicjowanie": konwersja z "double" do "GLfloat", możliwa utrata danych
E:\szescian — kopia\Gl_template.c(392,1): warning C4244: "inicjowanie": konwersja z "double" do "GLfloat", możliwa utrata danych
E:\szescian — kopia\Gl_template.c(393,1): warning C4244: "inicjowanie": konwersja z "double" do "GLfloat", możliwa utrata danych
E:\szescian — kopia\Gl_template.c(396,1): warning C4244: "inicjowanie": konwersja z "double" do "GLfloat", możliwa utrata danych
E:\szescian — kopia\Gl_template.c(397,1): warning C4244: "inicjowanie": konwersja z "double" do "GLfloat", możliwa utrata danych
E:\szescian — kopia\Gl_template.c(400,1): warning C4244: "inicjowanie": konwersja z "double" do "GLfloat", możliwa utrata danych
E:\szescian — kopia\Gl_template.c(602,59): warning C4305: "+=": obcięcie z "double" do "float"
E:\szescian — kopia\Gl_template.c(604,35): warning C4244: "funkcja": konwersja z "double" do "GLfloat", możliwa utrata danych
E:\szescian — kopia\Gl_template.c(604,57): warning C4244: "funkcja": konwersja z "double" do "GLfloat", możliwa utrata danych
E:\szescian — kopia\Gl_template.c(608,34): warning C4244: "funkcja": konwersja z "double" do "GLfloat", możliwa utrata danych
E:\szescian — kopia\Gl_template.c(608,56): warning C4244: "funkcja": konwersja z "double" do "GLfloat", możliwa utrata danych
E:\szescian — kopia\Gl_template.c(614,59): warning C4305: "+=": obcięcie z "double" do "float"
E:\szescian — kopia\Gl_template.c(616,35): warning C4244: "funkcja": konwersja z "double" do "GLfloat", możliwa utrata danych
E:\szescian — kopia\Gl_template.c(616,57): warning C4244: "funkcja": konwersja z "double" do "GLfloat", możliwa utrata danych
E:\szescian — kopia\Gl_template.c(621,34): warning C4244: "funkcja": konwersja z "double" do "GLfloat", możliwa utrata danych
E:\szescian — kopia\Gl_template.c(621,56): warning C4244: "funkcja": konwersja z "double" do "GLfloat", możliwa utrata danych
E:\szescian — kopia\Gl_template.c(627,60): warning C4305: "+=": obcięcie z "double" do "float"
E:\szescian — kopia\Gl_template.c(630,36): warning C4244: "funkcja": konwersja z "double" do "GLfloat", możliwa utrata danych
E:\szescian — kopia\Gl_template.c(630,58): warning C4244: "funkcja": konwersja z "double" do "GLfloat", możliwa utrata danych
E:\szescian — kopia\Gl_template.c(631,36): warning C4244: "funkcja": konwersja z "double" do "GLfloat", możliwa utrata danych
E:\szescian — kopia\Gl_template.c(631,58): warning C4244: "funkcja": konwersja z "double" do "GLfloat", możliwa utrata danych
E:\szescian — kopia\Gl_template.c(641,59): warning C4305: "+=": obcięcie z "double" do "float"
E:\szescian — kopia\Gl_template.c(643,35): warning C4244: "funkcja": konwersja z "double" do "GLfloat", możliwa utrata danych
E:\szescian — kopia\Gl_template.c(643,57): warning C4244: "funkcja": konwersja z "double" do "GLfloat", możliwa utrata danych
E:\szescian — kopia\Gl_template.c(648,34): warning C4244: "funkcja": konwersja z "double" do "GLfloat", możliwa utrata danych
E:\szescian — kopia\Gl_template.c(648,56): warning C4244: "funkcja": konwersja z "double" do "GLfloat", możliwa utrata danych
E:\szescian — kopia\Gl_template.c(655,59): warning C4305: "+=": obcięcie z "double" do "float"
E:\szescian — kopia\Gl_template.c(657,35): warning C4244: "funkcja": konwersja z "double" do "GLfloat", możliwa utrata danych
E:\szescian — kopia\Gl_template.c(657,57): warning C4244: "funkcja": konwersja z "double" do "GLfloat", możliwa utrata danych
E:\szescian — kopia\Gl_template.c(662,34): warning C4244: "funkcja": konwersja z "double" do "GLfloat", możliwa utrata danych
E:\szescian — kopia\Gl_template.c(662,56): warning C4244: "funkcja": konwersja z "double" do "GLfloat", możliwa utrata danych
E:\szescian — kopia\Gl_template.c(668,60): warning C4305: "+=": obcięcie z "double" do "float"
E:\szescian — kopia\Gl_template.c(671,36): warning C4244: "funkcja": konwersja z "double" do "GLfloat", możliwa utrata danych
E:\szescian — kopia\Gl_template.c(671,58): warning C4244: "funkcja": konwersja z "double" do "GLfloat", możliwa utrata danych
E:\szescian — kopia\Gl_template.c(672,36): warning C4244: "funkcja": konwersja z "double" do "GLfloat", możliwa utrata danych
E:\szescian — kopia\Gl_template.c(672,58): warning C4244: "funkcja": konwersja z "double" do "GLfloat", możliwa utrata danych
E:\szescian — kopia\Gl_template.c(683,59): warning C4305: "+=": obcięcie z "double" do "float"
E:\szescian — kopia\Gl_template.c(685,41): warning C4244: "funkcja": konwersja z "double" do "GLfloat", możliwa utrata danych
E:\szescian — kopia\Gl_template.c(685,63): warning C4244: "funkcja": konwersja z "double" do "GLfloat", możliwa utrata danych
E:\szescian — kopia\Gl_template.c(689,40): warning C4244: "funkcja": konwersja z "double" do "GLfloat", możliwa utrata danych
E:\szescian — kopia\Gl_template.c(689,62): warning C4244: "funkcja": konwersja z "double" do "GLfloat", możliwa utrata danych
E:\szescian — kopia\Gl_template.c(695,59): warning C4305: "+=": obcięcie z "double" do "float"
E:\szescian — kopia\Gl_template.c(697,38): warning C4244: "funkcja": konwersja z "double" do "GLfloat", możliwa utrata danych
E:\szescian — kopia\Gl_template.c(697,60): warning C4244: "funkcja": konwersja z "double" do "GLfloat", możliwa utrata danych
E:\szescian — kopia\Gl_template.c(702,40): warning C4244: "funkcja": konwersja z "double" do "GLfloat", możliwa utrata danych
E:\szescian — kopia\Gl_template.c(702,62): warning C4244: "funkcja": konwersja z "double" do "GLfloat", możliwa utrata danych
E:\szescian — kopia\Gl_template.c(705,40): warning C4244: "funkcja": konwersja z "double" do "GLfloat", możliwa utrata danych
E:\szescian — kopia\Gl_template.c(705,62): warning C4244: "funkcja": konwersja z "double" do "GLfloat", możliwa utrata danych
E:\szescian — kopia\Gl_template.c(711,60): warning C4305: "+=": obcięcie z "double" do "float"
E:\szescian — kopia\Gl_template.c(714,42): warning C4244: "funkcja": konwersja z "double" do "GLfloat", możliwa utrata danych
E:\szescian — kopia\Gl_template.c(714,64): warning C4244: "funkcja": konwersja z "double" do "GLfloat", możliwa utrata danych
E:\szescian — kopia\Gl_template.c(715,42): warning C4244: "funkcja": konwersja z "double" do "GLfloat", możliwa utrata danych
E:\szescian — kopia\Gl_template.c(715,64): warning C4244: "funkcja": konwersja z "double" do "GLfloat", możliwa utrata danych
E:\szescian — kopia\Gl_template.c(725,59): warning C4305: "+=": obcięcie z "double" do "float"
E:\szescian — kopia\Gl_template.c(727,41): warning C4244: "funkcja": konwersja z "double" do "GLfloat", możliwa utrata danych
E:\szescian — kopia\Gl_template.c(727,63): warning C4244: "funkcja": konwersja z "double" do "GLfloat", możliwa utrata danych
E:\szescian — kopia\Gl_template.c(732,40): warning C4244: "funkcja": konwersja z "double" do "GLfloat", możliwa utrata danych
E:\szescian — kopia\Gl_template.c(732,62): warning C4244: "funkcja": konwersja z "double" do "GLfloat", możliwa utrata danych
E:\szescian — kopia\Gl_template.c(738,59): warning C4305: "+=": obcięcie z "double" do "float"
E:\szescian — kopia\Gl_template.c(740,41): warning C4244: "funkcja": konwersja z "double" do "GLfloat", możliwa utrata danych
E:\szescian — kopia\Gl_template.c(740,63): warning C4244: "funkcja": konwersja z "double" do "GLfloat", możliwa utrata danych
E:\szescian — kopia\Gl_template.c(745,40): warning C4244: "funkcja": konwersja z "double" do "GLfloat", możliwa utrata danych
E:\szescian — kopia\Gl_template.c(745,62): warning C4244: "funkcja": konwersja z "double" do "GLfloat", możliwa utrata danych
E:\szescian — kopia\Gl_template.c(751,60): warning C4305: "+=": obcięcie z "double" do "float"
E:\szescian — kopia\Gl_template.c(754,42): warning C4244: "funkcja": konwersja z "double" do "GLfloat", możliwa utrata danych
E:\szescian — kopia\Gl_template.c(754,64): warning C4244: "funkcja": konwersja z "double" do "GLfloat", możliwa utrata danych
E:\szescian — kopia\Gl_template.c(755,42): warning C4244: "funkcja": konwersja z "double" do "GLfloat", możliwa utrata danych
E:\szescian — kopia\Gl_template.c(755,64): warning C4244: "funkcja": konwersja z "double" do "GLfloat", możliwa utrata danych
E:\szescian — kopia\Gl_template.c(766,59): warning C4305: "+=": obcięcie z "double" do "float"
E:\szescian — kopia\Gl_template.c(768,41): warning C4244: "funkcja": konwersja z "double" do "GLfloat", możliwa utrata danych
E:\szescian — kopia\Gl_template.c(768,63): warning C4244: "funkcja": konwersja z "double" do "GLfloat", możliwa utrata danych
E:\szescian — kopia\Gl_template.c(772,40): warning C4244: "funkcja": konwersja z "double" do "GLfloat", możliwa utrata danych
E:\szescian — kopia\Gl_template.c(772,62): warning C4244: "funkcja": konwersja z "double" do "GLfloat", możliwa utrata danych
E:\szescian — kopia\Gl_template.c(778,59): warning C4305: "+=": obcięcie z "double" do "float"
E:\szescian — kopia\Gl_template.c(780,38): warning C4244: "funkcja": konwersja z "double" do "GLfloat", możliwa utrata danych
E:\szescian — kopia\Gl_template.c(780,60): warning C4244: "funkcja": konwersja z "double" do "GLfloat", możliwa utrata danych
E:\szescian — kopia\Gl_template.c(785,40): warning C4244: "funkcja": konwersja z "double" do "GLfloat", możliwa utrata danych
E:\szescian — kopia\Gl_template.c(785,62): warning C4244: "funkcja": konwersja z "double" do "GLfloat", możliwa utrata danych
E:\szescian — kopia\Gl_template.c(788,40): warning C4244: "funkcja": konwersja z "double" do "GLfloat", możliwa utrata danych
E:\szescian — kopia\Gl_template.c(788,62): warning C4244: "funkcja": konwersja z "double" do "GLfloat", możliwa utrata danych
E:\szescian — kopia\Gl_template.c(794,60): warning C4305: "+=": obcięcie z "double" do "float"
E:\szescian — kopia\Gl_template.c(797,42): warning C4244: "funkcja": konwersja z "double" do "GLfloat", możliwa utrata danych
E:\szescian — kopia\Gl_template.c(797,64): warning C4244: "funkcja": konwersja z "double" do "GLfloat", możliwa utrata danych
E:\szescian — kopia\Gl_template.c(798,42): warning C4244: "funkcja": konwersja z "double" do "GLfloat", możliwa utrata danych
E:\szescian — kopia\Gl_template.c(798,64): warning C4244: "funkcja": konwersja z "double" do "GLfloat", możliwa utrata danych
E:\szescian — kopia\Gl_template.c(808,59): warning C4305: "+=": obcięcie z "double" do "float"
E:\szescian — kopia\Gl_template.c(810,41): warning C4244: "funkcja": konwersja z "double" do "GLfloat", możliwa utrata danych
E:\szescian — kopia\Gl_template.c(810,63): warning C4244: "funkcja": konwersja z "double" do "GLfloat", możliwa utrata danych
E:\szescian — kopia\Gl_template.c(815,40): warning C4244: "funkcja": konwersja z "double" do "GLfloat", możliwa utrata danych
E:\szescian — kopia\Gl_template.c(815,62): warning C4244: "funkcja": konwersja z "double" do "GLfloat", możliwa utrata danych
E:\szescian — kopia\Gl_template.c(821,59): warning C4305: "+=": obcięcie z "double" do "float"
E:\szescian — kopia\Gl_template.c(823,41): warning C4244: "funkcja": konwersja z "double" do "GLfloat", możliwa utrata danych
E:\szescian — kopia\Gl_template.c(823,63): warning C4244: "funkcja": konwersja z "double" do "GLfloat", możliwa utrata danych
E:\szescian — kopia\Gl_template.c(828,40): warning C4244: "funkcja": konwersja z "double" do "GLfloat", możliwa utrata danych
E:\szescian — kopia\Gl_template.c(828,62): warning C4244: "funkcja": konwersja z "double" do "GLfloat", możliwa utrata danych
E:\szescian — kopia\Gl_template.c(834,60): warning C4305: "+=": obcięcie z "double" do "float"
E:\szescian — kopia\Gl_template.c(837,42): warning C4244: "funkcja": konwersja z "double" do "GLfloat", możliwa utrata danych
E:\szescian — kopia\Gl_template.c(837,64): warning C4244: "funkcja": konwersja z "double" do "GLfloat", możliwa utrata danych
E:\szescian — kopia\Gl_template.c(838,42): warning C4244: "funkcja": konwersja z "double" do "GLfloat", możliwa utrata danych
E:\szescian — kopia\Gl_template.c(838,64): warning C4244: "funkcja": konwersja z "double" do "GLfloat", możliwa utrata danych
E:\szescian — kopia\Gl_template.c(848,59): warning C4305: "+=": obcięcie z "double" do "float"
E:\szescian — kopia\Gl_template.c(850,43): warning C4244: "funkcja": konwersja z "double" do "GLfloat", możliwa utrata danych
E:\szescian — kopia\Gl_template.c(850,65): warning C4244: "funkcja": konwersja z "double" do "GLfloat", możliwa utrata danych
E:\szescian — kopia\Gl_template.c(854,42): warning C4244: "funkcja": konwersja z "double" do "GLfloat", możliwa utrata danych
E:\szescian — kopia\Gl_template.c(854,64): warning C4244: "funkcja": konwersja z "double" do "GLfloat", możliwa utrata danych
E:\szescian — kopia\Gl_template.c(860,59): warning C4305: "+=": obcięcie z "double" do "float"
E:\szescian — kopia\Gl_template.c(862,40): warning C4244: "funkcja": konwersja z "double" do "GLfloat", możliwa utrata danych
E:\szescian — kopia\Gl_template.c(862,62): warning C4244: "funkcja": konwersja z "double" do "GLfloat", możliwa utrata danych
E:\szescian — kopia\Gl_template.c(867,42): warning C4244: "funkcja": konwersja z "double" do "GLfloat", możliwa utrata danych
E:\szescian — kopia\Gl_template.c(867,64): warning C4244: "funkcja": konwersja z "double" do "GLfloat", możliwa utrata danych
E:\szescian — kopia\Gl_template.c(870,42): warning C4244: "funkcja": konwersja z "double" do "GLfloat", możliwa utrata danych
E:\szescian — kopia\Gl_template.c(870,64): warning C4244: "funkcja": konwersja z "double" do "GLfloat", możliwa utrata danych
E:\szescian — kopia\Gl_template.c(876,60): warning C4305: "+=": obcięcie z "double" do "float"
E:\szescian — kopia\Gl_template.c(879,44): warning C4244: "funkcja": konwersja z "double" do "GLfloat", możliwa utrata danych
E:\szescian — kopia\Gl_template.c(879,66): warning C4244: "funkcja": konwersja z "double" do "GLfloat", możliwa utrata danych
E:\szescian — kopia\Gl_template.c(880,44): warning C4244: "funkcja": konwersja z "double" do "GLfloat", możliwa utrata danych
E:\szescian — kopia\Gl_template.c(880,66): warning C4244: "funkcja": konwersja z "double" do "GLfloat", możliwa utrata danych
E:\szescian — kopia\Gl_template.c(890,59): warning C4305: "+=": obcięcie z "double" do "float"
E:\szescian — kopia\Gl_template.c(892,43): warning C4244: "funkcja": konwersja z "double" do "GLfloat", możliwa utrata danych
E:\szescian — kopia\Gl_template.c(892,65): warning C4244: "funkcja": konwersja z "double" do "GLfloat", możliwa utrata danych
E:\szescian — kopia\Gl_template.c(897,42): warning C4244: "funkcja": konwersja z "double" do "GLfloat", możliwa utrata danych
E:\szescian — kopia\Gl_template.c(897,64): warning C4244: "funkcja": konwersja z "double" do "GLfloat", możliwa utrata danych
E:\szescian — kopia\Gl_template.c(903,59): warning C4305: "+=": obcięcie z "double" do "float"
E:\szescian — kopia\Gl_template.c(905,43): warning C4244: "funkcja": konwersja z "double" do "GLfloat", możliwa utrata danych
E:\szescian — kopia\Gl_template.c(905,65): warning C4244: "funkcja": konwersja z "double" do "GLfloat", możliwa utrata danych
E:\szescian — kopia\Gl_template.c(910,42): warning C4244: "funkcja": konwersja z "double" do "GLfloat", możliwa utrata danych
E:\szescian — kopia\Gl_template.c(910,64): warning C4244: "funkcja": konwersja z "double" do "GLfloat", możliwa utrata danych
E:\szescian — kopia\Gl_template.c(916,60): warning C4305: "+=": obcięcie z "double" do "float"
E:\szescian — kopia\Gl_template.c(919,44): warning C4244: "funkcja": konwersja z "double" do "GLfloat", możliwa utrata danych
E:\szescian — kopia\Gl_template.c(919,66): warning C4244: "funkcja": konwersja z "double" do "GLfloat", możliwa utrata danych
E:\szescian — kopia\Gl_template.c(920,44): warning C4244: "funkcja": konwersja z "double" do "GLfloat", możliwa utrata danych
E:\szescian — kopia\Gl_template.c(920,66): warning C4244: "funkcja": konwersja z "double" do "GLfloat", możliwa utrata danych
E:\szescian — kopia\Gl_template.c(941,59): warning C4305: "+=": obcięcie z "double" do "float"
E:\szescian — kopia\Gl_template.c(943,50): warning C4244: "funkcja": konwersja z "double" do "GLfloat", możliwa utrata danych
E:\szescian — kopia\Gl_template.c(943,72): warning C4244: "funkcja": konwersja z "double" do "GLfloat", możliwa utrata danych
E:\szescian — kopia\Gl_template.c(947,49): warning C4244: "funkcja": konwersja z "double" do "GLfloat", możliwa utrata danych
E:\szescian — kopia\Gl_template.c(947,71): warning C4244: "funkcja": konwersja z "double" do "GLfloat", możliwa utrata danych
E:\szescian — kopia\Gl_template.c(953,59): warning C4305: "+=": obcięcie z "double" do "float"
E:\szescian — kopia\Gl_template.c(955,50): warning C4244: "funkcja": konwersja z "double" do "GLfloat", możliwa utrata danych
E:\szescian — kopia\Gl_template.c(955,72): warning C4244: "funkcja": konwersja z "double" do "GLfloat", możliwa utrata danych
E:\szescian — kopia\Gl_template.c(960,49): warning C4244: "funkcja": konwersja z "double" do "GLfloat", możliwa utrata danych
E:\szescian — kopia\Gl_template.c(960,71): warning C4244: "funkcja": konwersja z "double" do "GLfloat", możliwa utrata danych
E:\szescian — kopia\Gl_template.c(966,60): warning C4305: "+=": obcięcie z "double" do "float"
E:\szescian — kopia\Gl_template.c(969,51): warning C4244: "funkcja": konwersja z "double" do "GLfloat", możliwa utrata danych
E:\szescian — kopia\Gl_template.c(969,73): warning C4244: "funkcja": konwersja z "double" do "GLfloat", możliwa utrata danych
E:\szescian — kopia\Gl_template.c(970,51): warning C4244: "funkcja": konwersja z "double" do "GLfloat", możliwa utrata danych
E:\szescian — kopia\Gl_template.c(970,73): warning C4244: "funkcja": konwersja z "double" do "GLfloat", możliwa utrata danych
E:\szescian — kopia\Gl_template.c(980,59): warning C4305: "+=": obcięcie z "double" do "float"
E:\szescian — kopia\Gl_template.c(982,50): warning C4244: "funkcja": konwersja z "double" do "GLfloat", możliwa utrata danych
E:\szescian — kopia\Gl_template.c(982,72): warning C4244: "funkcja": konwersja z "double" do "GLfloat", możliwa utrata danych
E:\szescian — kopia\Gl_template.c(987,49): warning C4244: "funkcja": konwersja z "double" do "GLfloat", możliwa utrata danych
E:\szescian — kopia\Gl_template.c(987,71): warning C4244: "funkcja": konwersja z "double" do "GLfloat", możliwa utrata danych
E:\szescian — kopia\Gl_template.c(994,59): warning C4305: "+=": obcięcie z "double" do "float"
E:\szescian — kopia\Gl_template.c(996,50): warning C4244: "funkcja": konwersja z "double" do "GLfloat", możliwa utrata danych
E:\szescian — kopia\Gl_template.c(996,72): warning C4244: "funkcja": konwersja z "double" do "GLfloat", możliwa utrata danych
E:\szescian — kopia\Gl_template.c(1001,49): warning C4244: "funkcja": konwersja z "double" do "GLfloat", możliwa utrata danych
E:\szescian — kopia\Gl_template.c(1001,71): warning C4244: "funkcja": konwersja z "double" do "GLfloat", możliwa utrata danych
E:\szescian — kopia\Gl_template.c(1007,60): warning C4305: "+=": obcięcie z "double" do "float"
E:\szescian — kopia\Gl_template.c(1010,51): warning C4244: "funkcja": konwersja z "double" do "GLfloat", możliwa utrata danych
E:\szescian — kopia\Gl_template.c(1010,73): warning C4244: "funkcja": konwersja z "double" do "GLfloat", możliwa utrata danych
E:\szescian — kopia\Gl_template.c(1011,51): warning C4244: "funkcja": konwersja z "double" do "GLfloat", możliwa utrata danych
E:\szescian — kopia\Gl_template.c(1011,73): warning C4244: "funkcja": konwersja z "double" do "GLfloat", możliwa utrata danych
E:\szescian — kopia\Gl_template.c(1253,58): warning C4305: "+=": obcięcie z "double" do "float"
E:\szescian — kopia\Gl_template.c(1255,47): warning C4244: "funkcja": konwersja z "double" do "GLfloat", możliwa utrata danych
E:\szescian — kopia\Gl_template.c(1255,75): warning C4244: "funkcja": konwersja z "double" do "GLfloat", możliwa utrata danych
E:\szescian — kopia\Gl_template.c(1259,48): warning C4244: "funkcja": konwersja z "double" do "GLfloat", możliwa utrata danych
E:\szescian — kopia\Gl_template.c(1259,78): warning C4244: "funkcja": konwersja z "double" do "GLfloat", możliwa utrata danych
E:\szescian — kopia\Gl_template.c(1265,59): warning C4305: "+=": obcięcie z "double" do "float"
E:\szescian — kopia\Gl_template.c(1268,51): warning C4244: "funkcja": konwersja z "double" do "GLfloat", możliwa utrata danych
E:\szescian — kopia\Gl_template.c(1268,79): warning C4244: "funkcja": konwersja z "double" do "GLfloat", możliwa utrata danych
E:\szescian — kopia\Gl_template.c(1269,45): warning C4244: "funkcja": konwersja z "double" do "GLfloat", możliwa utrata danych
E:\szescian — kopia\Gl_template.c(1269,73): warning C4244: "funkcja": konwersja z "double" do "GLfloat", możliwa utrata danych
E:\szescian — kopia\Gl_template.c(1281,58): warning C4305: "+=": obcięcie z "double" do "float"
E:\szescian — kopia\Gl_template.c(1283,49): warning C4244: "funkcja": konwersja z "double" do "GLfloat", możliwa utrata danych
E:\szescian — kopia\Gl_template.c(1283,79): warning C4244: "funkcja": konwersja z "double" do "GLfloat", możliwa utrata danych
E:\szescian — kopia\Gl_template.c(1287,48): warning C4244: "funkcja": konwersja z "double" do "GLfloat", możliwa utrata danych
E:\szescian — kopia\Gl_template.c(1287,78): warning C4244: "funkcja": konwersja z "double" do "GLfloat", możliwa utrata danych
E:\szescian — kopia\Gl_template.c(1293,59): warning C4305: "+=": obcięcie z "double" do "float"
E:\szescian — kopia\Gl_template.c(1296,53): warning C4244: "funkcja": konwersja z "double" do "GLfloat", możliwa utrata danych
E:\szescian — kopia\Gl_template.c(1296,83): warning C4244: "funkcja": konwersja z "double" do "GLfloat", możliwa utrata danych
E:\szescian — kopia\Gl_template.c(1297,46): warning C4244: "funkcja": konwersja z "double" do "GLfloat", możliwa utrata danych
E:\szescian — kopia\Gl_template.c(1297,76): warning C4244: "funkcja": konwersja z "double" do "GLfloat", możliwa utrata danych
E:\szescian — kopia\Gl_template.c(1353,58): warning C4305: "+=": obcięcie z "double" do "float"
E:\szescian — kopia\Gl_template.c(1355,49): warning C4244: "funkcja": konwersja z "double" do "GLfloat", możliwa utrata danych
E:\szescian — kopia\Gl_template.c(1355,79): warning C4244: "funkcja": konwersja z "double" do "GLfloat", możliwa utrata danych
E:\szescian — kopia\Gl_template.c(1359,48): warning C4244: "funkcja": konwersja z "double" do "GLfloat", możliwa utrata danych
E:\szescian — kopia\Gl_template.c(1359,78): warning C4244: "funkcja": konwersja z "double" do "GLfloat", możliwa utrata danych
E:\szescian — kopia\Gl_template.c(1365,59): warning C4305: "+=": obcięcie z "double" do "float"
E:\szescian — kopia\Gl_template.c(1368,53): warning C4244: "funkcja": konwersja z "double" do "GLfloat", możliwa utrata danych
E:\szescian — kopia\Gl_template.c(1368,83): warning C4244: "funkcja": konwersja z "double" do "GLfloat", możliwa utrata danych
E:\szescian — kopia\Gl_template.c(1369,46): warning C4244: "funkcja": konwersja z "double" do "GLfloat", możliwa utrata danych
E:\szescian — kopia\Gl_template.c(1369,76): warning C4244: "funkcja": konwersja z "double" do "GLfloat", możliwa utrata danych
E:\szescian — kopia\Gl_template.c(1381,58): warning C4305: "+=": obcięcie z "double" do "float"
E:\szescian — kopia\Gl_template.c(1383,49): warning C4244: "funkcja": konwersja z "double" do "GLfloat", możliwa utrata danych
E:\szescian — kopia\Gl_template.c(1383,79): warning C4244: "funkcja": konwersja z "double" do "GLfloat", możliwa utrata danych
E:\szescian — kopia\Gl_template.c(1387,48): warning C4244: "funkcja": konwersja z "double" do "GLfloat", możliwa utrata danych
E:\szescian — kopia\Gl_template.c(1387,78): warning C4244: "funkcja": konwersja z "double" do "GLfloat", możliwa utrata danych
E:\szescian — kopia\Gl_template.c(1393,59): warning C4305: "+=": obcięcie z "double" do "float"
E:\szescian — kopia\Gl_template.c(1396,53): warning C4244: "funkcja": konwersja z "double" do "GLfloat", możliwa utrata danych
E:\szescian — kopia\Gl_template.c(1396,83): warning C4244: "funkcja": konwersja z "double" do "GLfloat", możliwa utrata danych
E:\szescian — kopia\Gl_template.c(1397,46): warning C4244: "funkcja": konwersja z "double" do "GLfloat", możliwa utrata danych
E:\szescian — kopia\Gl_template.c(1397,76): warning C4244: "funkcja": konwersja z "double" do "GLfloat", możliwa utrata danych
E:\szescian — kopia\Gl_template.c(1409,58): warning C4305: "+=": obcięcie z "double" do "float"
E:\szescian — kopia\Gl_template.c(1411,49): warning C4244: "funkcja": konwersja z "double" do "GLfloat", możliwa utrata danych
E:\szescian — kopia\Gl_template.c(1411,79): warning C4244: "funkcja": konwersja z "double" do "GLfloat", możliwa utrata danych
E:\szescian — kopia\Gl_template.c(1415,48): warning C4244: "funkcja": konwersja z "double" do "GLfloat", możliwa utrata danych
E:\szescian — kopia\Gl_template.c(1415,78): warning C4244: "funkcja": konwersja z "double" do "GLfloat", możliwa utrata danych
E:\szescian — kopia\Gl_template.c(1421,59): warning C4305: "+=": obcięcie z "double" do "float"
E:\szescian — kopia\Gl_template.c(1424,53): warning C4244: "funkcja": konwersja z "double" do "GLfloat", możliwa utrata danych
E:\szescian — kopia\Gl_template.c(1424,83): warning C4244: "funkcja": konwersja z "double" do "GLfloat", możliwa utrata danych
E:\szescian — kopia\Gl_template.c(1425,46): warning C4244: "funkcja": konwersja z "double" do "GLfloat", możliwa utrata danych
E:\szescian — kopia\Gl_template.c(1425,76): warning C4244: "funkcja": konwersja z "double" do "GLfloat", możliwa utrata danych
E:\szescian — kopia\Gl_template.c(1438,40): warning C4244: "funkcja": konwersja z "double" do "GLfloat", możliwa utrata danych
E:\szescian — kopia\Gl_template.c(1439,41): warning C4244: "funkcja": konwersja z "double" do "GLfloat", możliwa utrata danych
E:\szescian — kopia\Gl_template.c(1446,45): warning C4244: "funkcja": konwersja z "double" do "GLfloat", możliwa utrata danych
E:\szescian — kopia\Gl_template.c(1447,47): warning C4244: "funkcja": konwersja z "double" do "GLfloat", możliwa utrata danych
E:\szescian — kopia\Gl_template.c(1462,46): warning C4244: "funkcja": konwersja z "double" do "GLfloat", możliwa utrata danych
E:\szescian — kopia\Gl_template.c(1463,47): warning C4244: "funkcja": konwersja z "double" do "GLfloat", możliwa utrata danych
E:\szescian — kopia\Gl_template.c(1470,46): warning C4244: "funkcja": konwersja z "double" do "GLfloat", możliwa utrata danych
E:\szescian — kopia\Gl_template.c(1471,47): warning C4244: "funkcja": konwersja z "double" do "GLfloat", możliwa utrata danych
E:\szescian — kopia\Gl_template.c(1510,45): warning C4244: "funkcja": konwersja z "double" do "GLfloat", możliwa utrata danych
E:\szescian — kopia\Gl_template.c(1511,46): warning C4244: "funkcja": konwersja z "double" do "GLfloat", możliwa utrata danych
E:\szescian — kopia\Gl_template.c(1518,45): warning C4244: "funkcja": konwersja z "double" do "GLfloat", możliwa utrata danych
E:\szescian — kopia\Gl_template.c(1519,47): warning C4244: "funkcja": konwersja z "double" do "GLfloat", możliwa utrata danych
E:\szescian — kopia\Gl_template.c(1534,48): warning C4244: "funkcja": konwersja z "double" do "GLfloat", możliwa utrata danych
E:\szescian — kopia\Gl_template.c(1535,49): warning C4244: "funkcja": konwersja z "double" do "GLfloat", możliwa utrata danych
E:\szescian — kopia\Gl_template.c(1542,48): warning C4244: "funkcja": konwersja z "double" do "GLfloat", możliwa utrata danych
E:\szescian — kopia\Gl_template.c(1543,49): warning C4244: "funkcja": konwersja z "double" do "GLfloat", możliwa utrata danych
E:\szescian — kopia\Gl_template.c(1689,61): warning C4305: "+=": obcięcie z "double" do "float"
E:\szescian — kopia\Gl_template.c(1692,29): warning C4244: "funkcja": konwersja z "double" do "GLfloat", możliwa utrata danych
E:\szescian — kopia\Gl_template.c(1692,45): warning C4244: "funkcja": konwersja z "double" do "GLfloat", możliwa utrata danych
E:\szescian — kopia\Gl_template.c(1693,29): warning C4244: "funkcja": konwersja z "double" do "GLfloat", możliwa utrata danych
E:\szescian — kopia\Gl_template.c(1693,45): warning C4244: "funkcja": konwersja z "double" do "GLfloat", możliwa utrata danych
E:\szescian — kopia\Gl_template.c(1701,64): warning C4305: "+=": obcięcie z "double" do "float"
E:\szescian — kopia\Gl_template.c(1704,29): warning C4244: "funkcja": konwersja z "double" do "GLfloat", możliwa utrata danych
E:\szescian — kopia\Gl_template.c(1704,45): warning C4244: "funkcja": konwersja z "double" do "GLfloat", możliwa utrata danych
E:\szescian — kopia\Gl_template.c(1705,29): warning C4244: "funkcja": konwersja z "double" do "GLfloat", możliwa utrata danych
E:\szescian — kopia\Gl_template.c(1705,45): warning C4244: "funkcja": konwersja z "double" do "GLfloat", możliwa utrata danych
E:\szescian — kopia\Gl_template.c(1713,64): warning C4305: "+=": obcięcie z "double" do "float"
E:\szescian — kopia\Gl_template.c(1716,29): warning C4244: "funkcja": konwersja z "double" do "GLfloat", możliwa utrata danych
E:\szescian — kopia\Gl_template.c(1716,45): warning C4244: "funkcja": konwersja z "double" do "GLfloat", możliwa utrata danych
E:\szescian — kopia\Gl_template.c(1717,29): warning C4244: "funkcja": konwersja z "double" do "GLfloat", możliwa utrata danych
E:\szescian — kopia\Gl_template.c(1717,45): warning C4244: "funkcja": konwersja z "double" do "GLfloat", możliwa utrata danych
E:\szescian — kopia\Gl_template.c(1725,64): warning C4305: "+=": obcięcie z "double" do "float"
E:\szescian — kopia\Gl_template.c(1728,29): warning C4244: "funkcja": konwersja z "double" do "GLfloat", możliwa utrata danych
E:\szescian — kopia\Gl_template.c(1728,45): warning C4244: "funkcja": konwersja z "double" do "GLfloat", możliwa utrata danych
E:\szescian — kopia\Gl_template.c(1729,29): warning C4244: "funkcja": konwersja z "double" do "GLfloat", możliwa utrata danych
E:\szescian — kopia\Gl_template.c(1729,45): warning C4244: "funkcja": konwersja z "double" do "GLfloat", możliwa utrata danych
E:\szescian — kopia\Gl_template.c(1738,68): warning C4305: "+=": obcięcie z "double" do "float"
E:\szescian — kopia\Gl_template.c(1741,28): warning C4244: "funkcja": konwersja z "double" do "GLfloat", możliwa utrata danych
E:\szescian — kopia\Gl_template.c(1741,43): warning C4244: "funkcja": konwersja z "double" do "GLfloat", możliwa utrata danych
E:\szescian — kopia\Gl_template.c(1742,28): warning C4244: "funkcja": konwersja z "double" do "GLfloat", możliwa utrata danych
E:\szescian — kopia\Gl_template.c(1742,43): warning C4244: "funkcja": konwersja z "double" do "GLfloat", możliwa utrata danych
E:\szescian — kopia\Gl_template.c(1751,34): warning C4305: "=": obcięcie z "double" do "float"
E:\szescian — kopia\Gl_template.c(1751,77): warning C4305: "+=": obcięcie z "double" do "float"
E:\szescian — kopia\Gl_template.c(1754,28): warning C4244: "funkcja": konwersja z "double" do "GLfloat", możliwa utrata danych
E:\szescian — kopia\Gl_template.c(1754,44): warning C4244: "funkcja": konwersja z "double" do "GLfloat", możliwa utrata danych
E:\szescian — kopia\Gl_template.c(1755,28): warning C4244: "funkcja": konwersja z "double" do "GLfloat", możliwa utrata danych
E:\szescian — kopia\Gl_template.c(1755,44): warning C4244: "funkcja": konwersja z "double" do "GLfloat", możliwa utrata danych
E:\szescian — kopia\Gl_template.c(1763,69): warning C4305: "+=": obcięcie z "double" do "float"
E:\szescian — kopia\Gl_template.c(1766,28): warning C4244: "funkcja": konwersja z "double" do "GLfloat", możliwa utrata danych
E:\szescian — kopia\Gl_template.c(1766,44): warning C4244: "funkcja": konwersja z "double" do "GLfloat", możliwa utrata danych
E:\szescian — kopia\Gl_template.c(1767,28): warning C4244: "funkcja": konwersja z "double" do "GLfloat", możliwa utrata danych
E:\szescian — kopia\Gl_template.c(1767,44): warning C4244: "funkcja": konwersja z "double" do "GLfloat", możliwa utrata danych
E:\szescian — kopia\Gl_template.c(1776,34): warning C4305: "=": obcięcie z "double" do "float"
E:\szescian — kopia\Gl_template.c(1776,79): warning C4305: "+=": obcięcie z "double" do "float"
E:\szescian — kopia\Gl_template.c(1779,28): warning C4244: "funkcja": konwersja z "double" do "GLfloat", możliwa utrata danych
E:\szescian — kopia\Gl_template.c(1779,44): warning C4244: "funkcja": konwersja z "double" do "GLfloat", możliwa utrata danych
E:\szescian — kopia\Gl_template.c(1780,28): warning C4244: "funkcja": konwersja z "double" do "GLfloat", możliwa utrata danych
E:\szescian — kopia\Gl_template.c(1780,44): warning C4244: "funkcja": konwersja z "double" do "GLfloat", możliwa utrata danych
E:\szescian — kopia\Gl_template.c(2043,59): warning C4305: "+=": obcięcie z "double" do "float"
E:\szescian — kopia\Gl_template.c(2045,42): warning C4244: "funkcja": konwersja z "double" do "GLfloat", możliwa utrata danych
E:\szescian — kopia\Gl_template.c(2045,78): warning C4244: "funkcja": konwersja z "double" do "GLfloat", możliwa utrata danych
E:\szescian — kopia\Gl_template.c(2049,41): warning C4244: "funkcja": konwersja z "double" do "GLfloat", możliwa utrata danych
E:\szescian — kopia\Gl_template.c(2049,77): warning C4244: "funkcja": konwersja z "double" do "GLfloat", możliwa utrata danych
E:\szescian — kopia\Gl_template.c(2055,59): warning C4305: "+=": obcięcie z "double" do "float"
E:\szescian — kopia\Gl_template.c(2057,44): warning C4244: "funkcja": konwersja z "double" do "GLfloat", możliwa utrata danych
E:\szescian — kopia\Gl_template.c(2057,81): warning C4244: "funkcja": konwersja z "double" do "GLfloat", możliwa utrata danych
E:\szescian — kopia\Gl_template.c(2061,43): warning C4244: "funkcja": konwersja z "double" do "GLfloat", możliwa utrata danych
E:\szescian — kopia\Gl_template.c(2061,80): warning C4244: "funkcja": konwersja z "double" do "GLfloat", możliwa utrata danych
E:\szescian — kopia\Gl_template.c(2064,42): warning C4244: "funkcja": konwersja z "double" do "GLfloat", możliwa utrata danych
E:\szescian — kopia\Gl_template.c(2070,60): warning C4305: "+=": obcięcie z "double" do "float"
E:\szescian — kopia\Gl_template.c(2073,44): warning C4244: "funkcja": konwersja z "double" do "GLfloat", możliwa utrata danych
E:\szescian — kopia\Gl_template.c(2073,81): warning C4244: "funkcja": konwersja z "double" do "GLfloat", możliwa utrata danych
E:\szescian — kopia\Gl_template.c(2074,44): warning C4244: "funkcja": konwersja z "double" do "GLfloat", możliwa utrata danych
E:\szescian — kopia\Gl_template.c(2074,75): warning C4244: "funkcja": konwersja z "double" do "GLfloat", możliwa utrata danych
E:\szescian — kopia\Gl_template.c(2086,59): warning C4305: "+=": obcięcie z "double" do "float"
E:\szescian — kopia\Gl_template.c(2088,44): warning C4244: "funkcja": konwersja z "double" do "GLfloat", możliwa utrata danych
E:\szescian — kopia\Gl_template.c(2088,81): warning C4244: "funkcja": konwersja z "double" do "GLfloat", możliwa utrata danych
E:\szescian — kopia\Gl_template.c(2092,43): warning C4244: "funkcja": konwersja z "double" do "GLfloat", możliwa utrata danych
E:\szescian — kopia\Gl_template.c(2092,80): warning C4244: "funkcja": konwersja z "double" do "GLfloat", możliwa utrata danych
E:\szescian — kopia\Gl_template.c(2098,59): warning C4305: "+=": obcięcie z "double" do "float"
E:\szescian — kopia\Gl_template.c(2100,44): warning C4244: "funkcja": konwersja z "double" do "GLfloat", możliwa utrata danych
E:\szescian — kopia\Gl_template.c(2100,80): warning C4244: "funkcja": konwersja z "double" do "GLfloat", możliwa utrata danych
E:\szescian — kopia\Gl_template.c(2104,43): warning C4244: "funkcja": konwersja z "double" do "GLfloat", możliwa utrata danych
E:\szescian — kopia\Gl_template.c(2104,79): warning C4244: "funkcja": konwersja z "double" do "GLfloat", możliwa utrata danych
E:\szescian — kopia\Gl_template.c(2107,43): warning C4244: "funkcja": konwersja z "double" do "GLfloat", możliwa utrata danych
E:\szescian — kopia\Gl_template.c(2113,60): warning C4305: "+=": obcięcie z "double" do "float"
E:\szescian — kopia\Gl_template.c(2116,45): warning C4244: "funkcja": konwersja z "double" do "GLfloat", możliwa utrata danych
E:\szescian — kopia\Gl_template.c(2116,85): warning C4244: "funkcja": konwersja z "double" do "GLfloat", możliwa utrata danych
E:\szescian — kopia\Gl_template.c(2117,45): warning C4244: "funkcja": konwersja z "double" do "GLfloat", możliwa utrata danych
E:\szescian — kopia\Gl_template.c(2117,77): warning C4244: "funkcja": konwersja z "double" do "GLfloat", możliwa utrata danych
E:\szescian — kopia\Gl_template.c(2344,18): warning C4305: "inicjowanie": obcięcie z "double" do "float"
E:\szescian — kopia\Gl_template.c(2388,26): warning C4244: "=": konwersja z "double" do "float", możliwa utrata danych
E:\szescian — kopia\Gl_template.c(2391,39): warning C4244: "funkcja": konwersja z "double" do "GLfloat", możliwa utrata danych
E:\szescian — kopia\Gl_template.c(2587,19): warning C4244: "return": konwersja z "WPARAM" do "int", możliwa utrata danych
E:\szescian — kopia\Gl_template.c(2781,32): warning C4244: "=": konwersja z "int" do "GLfloat", możliwa utrata danych
E:\szescian — kopia\Gl_template.c(2782,32): warning C4244: "=": konwersja z "int" do "GLfloat", możliwa utrata danych
E:\szescian — kopia\Gl_template.c(2801,1): warning C4028: formalny parametr 3 różni się od deklaracji
E:\szescian — kopia\Gl_template.c(2801,1): warning C4028: formalny parametr 4 różni się od deklaracji
E:\szescian — kopia\Gl_template.c(2801,1): warning C4133: "funkcja": niezgodne typy - od "BOOL (__cdecl *)(HWND,UINT,UINT,LONG)" do "DLGPROC"
  szescian.vcxproj -> E:\szescian — kopia\x64\Debug\Projekt_Grafika_Komputerowa_163974.exe
